-------------------------------------------------------------------------------
Test set: RunCucumberTest
-------------------------------------------------------------------------------
Tests run: 6, Failures: 2, Errors: 0, Skipped: 0, Time elapsed: 29.121 s <<< FAILURE! - in RunCucumberTest
Успешное редактирование объявления  Time elapsed: 13.491 s  <<< FAILURE!
com.codeborne.selenide.ex.ElementShould: 
Element should have text "Редактирование объявления" {.createListing_title__IFtFs}
Element: '<h1 class="h1Mobile createListing_title__IFtFs">Новое объявление</h1>'
Actual value: text="Новое объявление"
Screenshot: file:/C:/Courses/Projects/final_project/build/reports/tests/1756381114937.0.png
Page source: file:/C:/Courses/Projects/final_project/build/reports/tests/1756381114937.0.html
Timeout: 10 s.

Успешное удаление объявления  Time elapsed: 3.614 s  <<< FAILURE!
java.lang.AssertionError: Кнопка удаления не найдена на карточке объявления

