<?xml version="1.0" encoding="UTF-8"?>
<testsuite xmlns:xsi="http://www.w3.org/2001/XMLSchema-instance" xsi:noNamespaceSchemaLocation="https://maven.apache.org/surefire/maven-surefire-plugin/xsd/surefire-test-report-3.0.xsd" version="3.0" name="RegisterTests" time="4.391" tests="2" errors="0" skipped="0" failures="0">
  <properties>
[...]
</properties>
  <testcase name="testUserCanBeRegistered" classname="RegisterTests" time="2.152">
    <system-err><![CDATA[[main] INFO io.github.bonigarcia.wdm.WebDriverManager - Using chromedriver 139.0.7258.138 (resolved driver for Chrome 139)
[main] INFO io.github.bonigarcia.wdm.WebDriverManager - Exporting webdriver.chrome.driver as C:\Users\vbrat\.cache\selenium\chromedriver\win64\139.0.7258.138\chromedriver.exe
[main] INFO com.codeborne.selenide.impl.WebDriverThreadLocalContainer - No webdriver is bound to current thread: 1 - let's create a new webdriver
[main] INFO com.codeborne.selenide.impl.FileHelper - Creating folder: C:\Courses\Projects\final_project\build\downloads\1756063815309_39456_1
[main] INFO com.codeborne.selenide.webdriver.SelenideNettyClientFactory - Changed readTimeout from PT3M to PT1M30S
[main] INFO com.codeborne.selenide.webdriver.SelenideNettyClientFactory - Changed readTimeout from PT3M to PT1M30S
авг. 24, 2025 10:30:15 PM org.openqa.selenium.devtools.CdpVersionFinder findNearestMatch
WARNING: Unable to find CDP implementation matching 139
авг. 24, 2025 10:30:15 PM org.openqa.selenium.chromium.ChromiumDriver lambda$new$5
WARNING: Unable to find version of CDP to use for 139.0.7258.139. You may need to include a dependency on a specific version of the CDP using something similar to `org.seleniumhq.selenium:selenium-devtools-v86:4.13.0` where the version ("v86") matches the version of the chromium-based browser you're using and the version number of the artifact is the same as Selenium's.
[main] INFO com.codeborne.selenide.webdriver.WebDriverFactory - BrowserName=chrome Version=139.0.7258.139 Platform=windows
[main] INFO com.codeborne.selenide.webdriver.WebDriverFactory - Selenide v. 6.19.1
[main] INFO com.codeborne.selenide.webdriver.WebDriverFactory - Selenium WebDriver v. 4.13.0 build revision: ba948ece5b*
[main] INFO com.codeborne.selenide.drivercommands.CreateDriverCommand - Created webdriver in thread 1: ChromeDriver -> ChromeDriver: chrome on windows (aa7d0f1278ed28431d4701999f1752c3)
[main] INFO com.codeborne.selenide.drivercommands.DisposablesRegistry - Register WebDriverInstance[config=StaticConfig,webDriver=ChromeDriver: chrome on windows (aa7d0f1278ed28431d4701999f1752c3),proxy=null,downloadsFolder=C:\Courses\Projects\final_project\build\downloads\1756063815309_39456_1] in 1 [size=1]
[main] INFO com.codeborne.selenide.impl.FileHelper - Deleted empty folder: C:\Courses\Projects\final_project\build\downloads\1756063815309_39456_1
[main] INFO com.codeborne.selenide.drivercommands.CloseDriverCommand - Close webdriver: 1 -> ChromeDriver: chrome on windows (aa7d0f1278ed28431d4701999f1752c3)...
[main] INFO com.codeborne.selenide.drivercommands.CloseDriverCommand - Closed webdriver 1 in 182 ms
[main] INFO com.codeborne.selenide.drivercommands.DisposablesRegistry - Unregister WebDriverInstance[config=StaticConfig,webDriver=ChromeDriver: chrome on windows (null),proxy=null,downloadsFolder=C:\Courses\Projects\final_project\build\downloads\1756063815309_39456_1] in 1 [size=0]
]]></system-err>
  </testcase>
  <testcase name="testUserCanNotBeRegisteredWithSameCredentials" classname="RegisterTests" time="2.236">
    <system-err><![CDATA[[main] INFO io.github.bonigarcia.wdm.WebDriverManager - Using chromedriver 139.0.7258.138 (resolved driver for Chrome 139)
[main] INFO io.github.bonigarcia.wdm.WebDriverManager - Exporting webdriver.chrome.driver as C:\Users\vbrat\.cache\selenium\chromedriver\win64\139.0.7258.138\chromedriver.exe
[main] INFO com.codeborne.selenide.impl.WebDriverThreadLocalContainer - No webdriver is bound to current thread: 1 - let's create a new webdriver
[main] INFO com.codeborne.selenide.impl.FileHelper - Creating folder: C:\Courses\Projects\final_project\build\downloads\1756063817513_39456_1
[main] INFO com.codeborne.selenide.webdriver.SelenideNettyClientFactory - Changed readTimeout from PT3M to PT1M30S
[main] INFO com.codeborne.selenide.webdriver.SelenideNettyClientFactory - Changed readTimeout from PT3M to PT1M30S
авг. 24, 2025 10:30:18 PM org.openqa.selenium.devtools.CdpVersionFinder findNearestMatch
WARNING: Unable to find CDP implementation matching 139
авг. 24, 2025 10:30:18 PM org.openqa.selenium.chromium.ChromiumDriver lambda$new$5
WARNING: Unable to find version of CDP to use for 139.0.7258.139. You may need to include a dependency on a specific version of the CDP using something similar to `org.seleniumhq.selenium:selenium-devtools-v86:4.13.0` where the version ("v86") matches the version of the chromium-based browser you're using and the version number of the artifact is the same as Selenium's.
[main] INFO com.codeborne.selenide.webdriver.WebDriverFactory - BrowserName=chrome Version=139.0.7258.139 Platform=windows
[main] INFO com.codeborne.selenide.webdriver.WebDriverFactory - Selenide v. 6.19.1
[main] INFO com.codeborne.selenide.webdriver.WebDriverFactory - Selenium WebDriver v. 4.13.0 build revision: ba948ece5b*
[main] INFO com.codeborne.selenide.drivercommands.CreateDriverCommand - Created webdriver in thread 1: ChromeDriver -> ChromeDriver: chrome on windows (72377922720042c15e9e4af7ffa1dd5c)
[main] INFO com.codeborne.selenide.drivercommands.DisposablesRegistry - Register WebDriverInstance[config=StaticConfig,webDriver=ChromeDriver: chrome on windows (72377922720042c15e9e4af7ffa1dd5c),proxy=null,downloadsFolder=C:\Courses\Projects\final_project\build\downloads\1756063817513_39456_1] in 1 [size=1]
[main] INFO com.codeborne.selenide.impl.FileHelper - Deleted empty folder: C:\Courses\Projects\final_project\build\downloads\1756063817513_39456_1
[main] INFO com.codeborne.selenide.drivercommands.CloseDriverCommand - Close webdriver: 1 -> ChromeDriver: chrome on windows (72377922720042c15e9e4af7ffa1dd5c)...
[main] INFO com.codeborne.selenide.drivercommands.CloseDriverCommand - Closed webdriver 1 in 177 ms
[main] INFO com.codeborne.selenide.drivercommands.DisposablesRegistry - Unregister WebDriverInstance[config=StaticConfig,webDriver=ChromeDriver: chrome on windows (null),proxy=null,downloadsFolder=C:\Courses\Projects\final_project\build\downloads\1756063817513_39456_1] in 1 [size=0]
]]></system-err>
  </testcase>
</testsuite>